code-creation,Stub,0x23a70d006000,383,"JSEntryStub"
code-creation,Stub,0x23a70d006180,383,"JSConstructEntryStub"
code-creation,Stub,0x23a70d006300,794,"CEntryStub"
code-creation,Stub,0x23a70d006620,1145,"CEntryStub"
code-creation,Stub,0x23a70d006aa0,168,"StoreBufferOverflowStub"
code-creation,Stub,0x23a70d006b60,388,"StoreBufferOverflowStub"
code-creation,Stub,0x23a70d006d00,1765,"RecordWriteStub"
code-creation,Stub,0x23a70d007400,1756,"RecordWriteStub"
code-creation,Stub,0x23a70d007ae0,772,"RecordWriteStub"
code-creation,Stub,0x23a70d007e00,1756,"RecordWriteStub"
code-creation,Stub,0x23a70d0084e0,1750,"RecordWriteStub"
code-creation,Stub,0x23a70d008bc0,1810,"RecordWriteStub"
code-creation,Stub,0x23a70d0092e0,1786,"RecordWriteStub"
code-creation,Stub,0x23a70d0099e0,1756,"RecordWriteStub"
code-creation,Stub,0x23a70d00a0c0,1768,"RecordWriteStub"
code-creation,Stub,0x23a70d00a7c0,778,"RecordWriteStub"
code-creation,Stub,0x23a70d00aae0,1750,"RecordWriteStub"
code-creation,Stub,0x23a70d00b1c0,1769,"RecordWriteStub"
code-creation,Stub,0x23a70d00b8c0,1807,"RecordWriteStub"
code-creation,Stub,0x23a70d00bfe0,1786,"RecordWriteStub"
code-creation,Builtin,0x23a70d00c6e0,115,"Illegal"
code-creation,Builtin,0x23a70d00c760,115,"EmptyFunction"
code-creation,Builtin,0x23a70d00c7e0,115,"InternalArrayCodeGeneric"
code-creation,Builtin,0x23a70d00c860,115,"ArrayCodeGeneric"
code-creation,Builtin,0x23a70d00c8e0,115,"ArrayPush"
code-creation,Builtin,0x23a70d00c960,115,"ArrayPop"
code-creation,Builtin,0x23a70d00c9e0,115,"ArrayShift"
code-creation,Builtin,0x23a70d00ca60,115,"ArrayUnshift"
code-creation,Builtin,0x23a70d00cae0,115,"ArraySlice"
code-creation,Builtin,0x23a70d00cb60,115,"ArraySplice"
code-creation,Builtin,0x23a70d00cbe0,115,"ArrayConcat"
code-creation,Builtin,0x23a70d00cc60,120,"HandleApiCall"
code-creation,Builtin,0x23a70d00cce0,120,"HandleApiCallConstruct"
code-creation,Builtin,0x23a70d00cd60,115,"HandleApiCallAsFunction"
code-creation,Builtin,0x23a70d00cde0,115,"HandleApiCallAsConstructor"
code-creation,Builtin,0x23a70d00ce60,115,"StrictModePoisonPill"
code-creation,Builtin,0x23a70d00cee0,260,"ArgumentsAdaptorTrampoline"
code-creation,Builtin,0x23a70d00d000,111,"InRecompileQueue"
code-creation,Builtin,0x23a70d00d080,648,"JSConstructStubCountdown"
code-creation,Builtin,0x23a70d00d320,577,"JSConstructStubGeneric"
code-creation,Builtin,0x23a70d00d580,554,"JSConstructStubApi"
code-creation,Builtin,0x23a70d00d7c0,206,"JSEntryTrampoline"
code-creation,Stub,0x23a70d00d8a0,196,"CallConstructStub"
code-creation,Builtin,0x23a70d00d980,177,"JSConstructEntryTrampoline"
code-creation,Builtin,0x23a70d00da40,160,"LazyCompile"
code-creation,Builtin,0x23a70d00dae0,160,"LazyRecompile"
code-creation,Builtin,0x23a70d00db80,169,"ParallelRecompile"
code-creation,Builtin,0x23a70d00dc40,218,"NotifyDeoptimized"
code-creation,Builtin,0x23a70d00dd20,218,"NotifyLazyDeoptimized"
code-creation,Builtin,0x23a70d00de00,189,"NotifyOSR"
code-creation,Builtin,0x23a70d00dec0,120,"LoadIC_Miss"
code-creation,Builtin,0x23a70d00df40,120,"KeyedLoadIC_Miss"
code-creation,Builtin,0x23a70d00dfc0,120,"KeyedLoadIC_MissForceGeneric"
code-creation,Builtin,0x23a70d00e040,120,"KeyedLoadIC_Slow"
code-creation,Builtin,0x23a70d00e0c0,121,"StoreIC_Miss"
code-creation,Builtin,0x23a70d00e140,121,"KeyedStoreIC_Miss"
code-creation,Builtin,0x23a70d00e1c0,121,"KeyedStoreIC_MissForceGeneric"
code-creation,Builtin,0x23a70d00e240,121,"KeyedStoreIC_Slow"
code-creation,Builtin,0x23a70d00e2c0,120,"LoadIC_Initialize"
code-creation,Builtin,0x23a70d00e340,120,"LoadIC_PreMonomorphic"
code-creation,Stub,0x23a70d00e3c0,972,"StringDictionaryLookupStub"
code-creation,Builtin,0x23a70d00e7a0,353,"LoadIC_Normal"
code-creation,Builtin,0x23a70d00e920,128,"LoadIC_ArrayLength"
code-creation,Builtin,0x23a70d00e9a0,131,"LoadIC_StringLength"
code-creation,Builtin,0x23a70d00ea40,178,"LoadIC_StringWrapperLength"
code-creation,Builtin,0x23a70d00eb00,168,"LoadIC_FunctionPrototype"
code-creation,Builtin,0x23a70d00ebc0,324,"LoadIC_Megamorphic"
code-creation,Builtin,0x23a70d00ed20,134,"LoadIC_Getter_ForDeopt"
code-creation,Builtin,0x23a70d00edc0,120,"KeyedLoadIC_Initialize"
code-creation,Builtin,0x23a70d00ee40,120,"KeyedLoadIC_PreMonomorphic"
code-creation,Stub,0x23a70d00eec0,972,"StringDictionaryLookupStub"
code-creation,Builtin,0x23a70d00f2a0,1018,"KeyedLoadIC_Generic"
code-creation,Builtin,0x23a70d00f6a0,721,"KeyedLoadIC_String"
code-creation,Builtin,0x23a70d00f980,188,"KeyedLoadIC_IndexedInterceptor"
code-creation,Builtin,0x23a70d00fa40,307,"KeyedLoadIC_NonStrictArguments"
code-creation,Builtin,0x23a70d00fb80,121,"StoreIC_Initialize"
code-creation,Builtin,0x23a70d00fc00,212,"StoreIC_ArrayLength"
code-creation,Stub,0x23a70d00fce0,991,"StringDictionaryLookupStub"
code-creation,Builtin,0x23a70d0100c0,424,"StoreIC_Normal"
code-creation,Builtin,0x23a70d010280,345,"StoreIC_Megamorphic"
code-creation,Builtin,0x23a70d0103e0,125,"StoreIC_GlobalProxy"
code-creation,Builtin,0x23a70d010460,121,"StoreIC_Initialize_Strict"
code-creation,Builtin,0x23a70d0104e0,212,"StoreIC_ArrayLength_Strict"
code-creation,Builtin,0x23a70d0105c0,424,"StoreIC_Normal_Strict"
code-creation,Builtin,0x23a70d010780,345,"StoreIC_Megamorphic_Strict"
code-creation,Builtin,0x23a70d0108e0,125,"StoreIC_GlobalProxy_Strict"
code-creation,Builtin,0x23a70d010960,136,"StoreIC_Setter_ForDeopt"
code-creation,Builtin,0x23a70d010a00,121,"KeyedStoreIC_Initialize"
code-creation,Builtin,0x23a70d010a80,2425,"KeyedStoreIC_Generic"
code-creation,Builtin,0x23a70d011400,121,"KeyedStoreIC_Initialize_Strict"
code-creation,Builtin,0x23a70d011480,2425,"KeyedStoreIC_Generic_Strict"
code-creation,Builtin,0x23a70d011e00,401,"KeyedStoreIC_NonStrictArguments"
code-creation,Builtin,0x23a70d011fa0,476,"TransitionElementsSmiToDouble"
code-creation,Builtin,0x23a70d012180,483,"TransitionElementsDoubleToObject"
code-creation,Builtin,0x23a70d012380,483,"FunctionCall"
code-creation,Builtin,0x23a70d012580,492,"FunctionApply"
code-creation,Stub,0x23a70d012780,768,"RecordWriteStub"
code-creation,Builtin,0x23a70d012a80,831,"InternalArrayCode"
code-creation,Builtin,0x23a70d012dc0,831,"ArrayCode"
code-creation,Builtin,0x23a70d013100,816,"ArrayConstructCode"
code-creation,Builtin,0x23a70d013440,501,"StringConstructCode"
code-creation,Stub,0x23a70d013640,113,"StackCheckStub"
code-creation,Builtin,0x23a70d0136c0,930,"OnStackReplacement"
code-creation,Builtin,0x23a70d013a80,183,"Return_DebugBreak"
code-creation,Builtin,0x23a70d013b40,179,"CallFunctionStub_DebugBreak"
code-creation,Builtin,0x23a70d013c00,181,"CallFunctionStub_Recording_DebugBreak"
code-creation,Builtin,0x23a70d013cc0,215,"CallConstructStub_DebugBreak"
code-creation,Builtin,0x23a70d013da0,217,"CallConstructStub_Recording_DebugBreak"
code-creation,Builtin,0x23a70d013e80,181,"LoadIC_DebugBreak"
code-creation,Builtin,0x23a70d013f40,181,"KeyedLoadIC_DebugBreak"
code-creation,Builtin,0x23a70d014000,183,"StoreIC_DebugBreak"
code-creation,Builtin,0x23a70d0140c0,183,"KeyedStoreIC_DebugBreak"
code-creation,Builtin,0x23a70d014180,181,"Slot_DebugBreak"
code-creation,Builtin,0x23a70d014240,97,"PlainReturn_LiveEdit"
code-creation,Builtin,0x23a70d0142c0,137,"FrameDropper_LiveEdit"
code-creation,Stub,0x23a70d006000,383,"JSEntryStub"
code-creation,Stub,0x23a70d006180,383,"JSEntryStub"
code-creation,Stub,0x23a70d006300,794,"CEntryStub"
code-creation,Stub,0x23a70d006620,1145,"CEntryStub"
code-creation,Stub,0x23a70d006aa0,168,"StoreBufferOverflowStub"
code-creation,Stub,0x23a70d006b60,388,"StoreBufferOverflowStub"
code-creation,Stub,0x23a70d006d00,1765,"RecordWriteStub"
code-creation,Stub,0x23a70d007400,1756,"RecordWriteStub"
code-creation,Stub,0x23a70d007ae0,772,"RecordWriteStub"
code-creation,Stub,0x23a70d007e00,1756,"RecordWriteStub"
code-creation,Stub,0x23a70d0084e0,1750,"RecordWriteStub"
code-creation,Stub,0x23a70d008bc0,1810,"RecordWriteStub"
code-creation,Stub,0x23a70d0092e0,1786,"RecordWriteStub"
code-creation,Stub,0x23a70d0099e0,1756,"RecordWriteStub"
code-creation,Stub,0x23a70d00a0c0,1768,"RecordWriteStub"
code-creation,Stub,0x23a70d00a7c0,778,"RecordWriteStub"
code-creation,Stub,0x23a70d00aae0,1750,"RecordWriteStub"
code-creation,Stub,0x23a70d00b1c0,1769,"RecordWriteStub"
code-creation,Stub,0x23a70d00b8c0,1807,"RecordWriteStub"
code-creation,Stub,0x23a70d00bfe0,1786,"RecordWriteStub"
code-creation,Builtin,0x23a70d00c6e0,115,"A builtin from the snapshot"
code-creation,Builtin,0x23a70d00c760,115,"A builtin from the snapshot"
code-creation,Builtin,0x23a70d00c7e0,115,"A builtin from the snapshot"
code-creation,Builtin,0x23a70d00c860,115,"A builtin from the snapshot"
code-creation,Builtin,0x23a70d00c8e0,115,"A builtin from the snapshot"
code-creation,Builtin,0x23a70d00c960,115,"A builtin from the snapshot"
code-creation,Builtin,0x23a70d00c9e0,115,"A builtin from the snapshot"
code-creation,Builtin,0x23a70d00ca60,115,"A builtin from the snapshot"
code-creation,Builtin,0x23a70d00cae0,115,"A builtin from the snapshot"
code-creation,Builtin,0x23a70d00cb60,115,"A builtin from the snapshot"
code-creation,Builtin,0x23a70d00cbe0,115,"A builtin from the snapshot"
code-creation,Builtin,0x23a70d00cc60,120,"A builtin from the snapshot"
code-creation,Builtin,0x23a70d00cce0,120,"A builtin from the snapshot"
code-creation,Builtin,0x23a70d00cd60,115,"A builtin from the snapshot"
code-creation,Builtin,0x23a70d00cde0,115,"A builtin from the snapshot"
code-creation,Builtin,0x23a70d00ce60,115,"A builtin from the snapshot"
code-creation,Builtin,0x23a70d00cee0,260,"A builtin from the snapshot"
code-creation,Builtin,0x23a70d00d000,111,"A builtin from the snapshot"
code-creation,Builtin,0x23a70d00d080,648,"A builtin from the snapshot"
code-creation,Builtin,0x23a70d00d320,577,"A builtin from the snapshot"
code-creation,Builtin,0x23a70d00d580,554,"A builtin from the snapshot"
code-creation,Builtin,0x23a70d00d7c0,206,"A builtin from the snapshot"
code-creation,Stub,0x23a70d00d8a0,196,"CallConstructStub"
code-creation,Builtin,0x23a70d00d980,177,"A builtin from the snapshot"
code-creation,Builtin,0x23a70d00da40,160,"A builtin from the snapshot"
code-creation,Builtin,0x23a70d00dae0,160,"A builtin from the snapshot"
code-creation,Builtin,0x23a70d00db80,169,"A builtin from the snapshot"
code-creation,Builtin,0x23a70d00dc40,218,"A builtin from the snapshot"
code-creation,Builtin,0x23a70d00dd20,218,"A builtin from the snapshot"
code-creation,Builtin,0x23a70d00de00,189,"A builtin from the snapshot"
code-creation,Builtin,0x23a70d00dec0,120,"A builtin from the snapshot"
code-creation,Builtin,0x23a70d00df40,120,"A builtin from the snapshot"
code-creation,Builtin,0x23a70d00dfc0,120,"A builtin from the snapshot"
code-creation,Builtin,0x23a70d00e040,120,"A builtin from the snapshot"
code-creation,Builtin,0x23a70d00e0c0,121,"A builtin from the snapshot"
code-creation,Builtin,0x23a70d00e140,121,"A builtin from the snapshot"
code-creation,Builtin,0x23a70d00e1c0,121,"A builtin from the snapshot"
code-creation,Builtin,0x23a70d00e240,121,"A builtin from the snapshot"
code-creation,LoadIC,0x23a70d00e2c0,120,"A load IC from the snapshot"
code-creation,LoadIC,0x23a70d00e340,120,"A load IC from the snapshot"
code-creation,Stub,0x23a70d00e3c0,972,"StringDictionaryLookupStub"
code-creation,LoadIC,0x23a70d00e7a0,353,"A load IC from the snapshot"
code-creation,LoadIC,0x23a70d00e920,128,"A load IC from the snapshot"
code-creation,LoadIC,0x23a70d00e9a0,131,"A load IC from the snapshot"
code-creation,LoadIC,0x23a70d00ea40,178,"A load IC from the snapshot"
code-creation,LoadIC,0x23a70d00eb00,168,"A load IC from the snapshot"
code-creation,LoadIC,0x23a70d00ebc0,324,"A load IC from the snapshot"
code-creation,LoadIC,0x23a70d00ed20,134,"A load IC from the snapshot"
code-creation,KeyedLoadIC,0x23a70d00edc0,120,"A keyed load IC from the snapshot"
code-creation,KeyedLoadIC,0x23a70d00ee40,120,"A keyed load IC from the snapshot"
code-creation,Stub,0x23a70d00eec0,972,"StringDictionaryLookupStub"
code-creation,KeyedLoadIC,0x23a70d00f2a0,1018,"A keyed load IC from the snapshot"
code-creation,KeyedLoadIC,0x23a70d00f6a0,721,"A keyed load IC from the snapshot"
code-creation,KeyedLoadIC,0x23a70d00f980,188,"A keyed load IC from the snapshot"
code-creation,KeyedLoadIC,0x23a70d00fa40,307,"A keyed load IC from the snapshot"
code-creation,StoreIC,0x23a70d00fb80,121,"A store IC from the snapshot"
code-creation,StoreIC,0x23a70d00fc00,212,"A store IC from the snapshot"
code-creation,Stub,0x23a70d00fce0,991,"StringDictionaryLookupStub"
code-creation,StoreIC,0x23a70d0100c0,424,"A store IC from the snapshot"
code-creation,StoreIC,0x23a70d010280,345,"A store IC from the snapshot"
code-creation,StoreIC,0x23a70d0103e0,125,"A store IC from the snapshot"
code-creation,StoreIC,0x23a70d010460,121,"A store IC from the snapshot"
code-creation,StoreIC,0x23a70d0104e0,212,"A store IC from the snapshot"
code-creation,StoreIC,0x23a70d0105c0,424,"A store IC from the snapshot"
code-creation,StoreIC,0x23a70d010780,345,"A store IC from the snapshot"
code-creation,StoreIC,0x23a70d0108e0,125,"A store IC from the snapshot"
code-creation,StoreIC,0x23a70d010960,136,"A store IC from the snapshot"
code-creation,KeyedStoreIC,0x23a70d010a00,121,"A keyed store IC from the snapshot"
code-creation,KeyedStoreIC,0x23a70d010a80,2425,"A keyed store IC from the snapshot"
code-creation,KeyedStoreIC,0x23a70d011400,121,"A keyed store IC from the snapshot"
code-creation,KeyedStoreIC,0x23a70d011480,2425,"A keyed store IC from the snapshot"
code-creation,KeyedStoreIC,0x23a70d011e00,401,"A keyed store IC from the snapshot"
code-creation,Builtin,0x23a70d011fa0,476,"A builtin from the snapshot"
code-creation,Builtin,0x23a70d012180,483,"A builtin from the snapshot"
code-creation,Builtin,0x23a70d012380,483,"A builtin from the snapshot"
code-creation,Builtin,0x23a70d012580,492,"A builtin from the snapshot"
code-creation,Stub,0x23a70d012780,768,"RecordWriteStub"
code-creation,Builtin,0x23a70d012a80,831,"A builtin from the snapshot"
code-creation,Builtin,0x23a70d012dc0,831,"A builtin from the snapshot"
code-creation,Builtin,0x23a70d013100,816,"A builtin from the snapshot"
code-creation,Builtin,0x23a70d013440,501,"A builtin from the snapshot"
code-creation,Stub,0x23a70d013640,113,"StackCheckStub"
code-creation,Builtin,0x23a70d0136c0,930,"A builtin from the snapshot"
code-creation,Builtin,0x23a70d013a80,183,"A builtin from the snapshot"
code-creation,Builtin,0x23a70d013b40,179,"A builtin from the snapshot"
code-creation,Builtin,0x23a70d013c00,181,"A builtin from the snapshot"
code-creation,Builtin,0x23a70d013cc0,215,"A builtin from the snapshot"
code-creation,Builtin,0x23a70d013da0,217,"A builtin from the snapshot"
code-creation,LoadIC,0x23a70d013e80,181,"A load IC from the snapshot"
code-creation,KeyedLoadIC,0x23a70d013f40,181,"A keyed load IC from the snapshot"
code-creation,StoreIC,0x23a70d014000,183,"A store IC from the snapshot"
code-creation,KeyedStoreIC,0x23a70d0140c0,183,"A keyed store IC from the snapshot"
code-creation,Builtin,0x23a70d014180,181,"A builtin from the snapshot"
code-creation,Builtin,0x23a70d014240,97,"A builtin from the snapshot"
code-creation,Builtin,0x23a70d0142c0,137,"A builtin from the snapshot"
code-creation,Stub,0x23a70d014360,255,"CallConstructStub_Recording"
code-creation,Stub,0x23a70d014460,113,"InterruptStub"
code-creation,Script,0x23a70d0144e0,844,"native runtime.js",0x308356a1aa98,
code-creation,CallInitialize,0x23a70d014840,244,"args_count: 1"
code-creation,CallInitialize,0x23a70d014940,244,"args_count: 2"
code-creation,LazyCompile,0x23a70d014a40,1884,"EQUALS native runtime.js:54",0x308356a18aa0,
code-creation,LazyCompile,0x23a70d0151a0,432,"STRICT_EQUALS native runtime.js:100",0x308356a18b40,
code-creation,Stub,0x23a70d015360,272,"StringCompareStub"
code-creation,Stub,0x23a70d015480,173,"CompareICStub"
code-creation,LazyCompile,0x23a70d015540,1044,"COMPARE native runtime.js:120",0x308356a18be0,
code-creation,Stub,0x23a70d015960,1497,"StringAddStub"
code-creation,LazyCompile,0x23a70d015f40,696,"ADD native runtime.js:163",0x308356a18c80,
code-creation,LazyCompile,0x23a70d016200,360,"SUB native runtime.js:214",0x308356a18e60,
code-creation,LazyCompile,0x23a70d016380,360,"MUL native runtime.js:222",0x308356a18f00,
code-creation,LazyCompile,0x23a70d016500,360,"DIV native runtime.js:230",0x308356a18fa0,
code-creation,LazyCompile,0x23a70d016680,360,"MOD native runtime.js:238",0x308356a19040,
code-creation,LazyCompile,0x23a70d016800,360,"BIT_OR native runtime.js:252",0x308356a190e0,
code-creation,LazyCompile,0x23a70d016980,468,"BIT_AND native runtime.js:260",0x308356a19180,
code-creation,LazyCompile,0x23a70d016b60,360,"BIT_XOR native runtime.js:282",0x308356a19220,
code-creation,LazyCompile,0x23a70d016ce0,296,"UNARY_MINUS native runtime.js:290",0x308356a192c0,
code-creation,LazyCompile,0x23a70d016e20,296,"BIT_NOT native runtime.js:297",0x308356a19360,
code-creation,LazyCompile,0x23a70d016f60,360,"SHL native runtime.js:304",0x308356a19400,
code-creation,LazyCompile,0x23a70d0170e0,468,"SAR native runtime.js:312",0x308356a194a0,
code-creation,LazyCompile,0x23a70d0172c0,360,"SHR native runtime.js:334",0x308356a19540,
code-creation,LazyCompile,0x23a70d017440,284,"DELETE native runtime.js:348",0x308356a195e0,
code-creation,Stub,0x23a70d017560,268,"FastCloneShallowArrayStub"
code-creation,LazyCompile,0x23a70d017680,540,"IN native runtime.js:354",0x308356a19680,
code-creation,Stub,0x23a70d0178a0,173,"CompareICStub"
code-creation,Stub,0x23a70d017960,260,"FastCloneShallowArrayStub"
code-creation,Stub,0x23a70d017a80,122,"ToBooleanStub_None"
code-creation,LazyCompile,0x23a70d017b00,844,"INSTANCE_OF native runtime.js:367",0x308356a19720,
code-creation,LazyCompile,0x23a70d017e60,292,"FILTER_KEY native runtime.js:398",0x308356a197c0,
code-creation,Stub,0x23a70d017fa0,511,"ArgumentsAccessStub_NewNonStrictFast"
code-creation,LazyCompile,0x23a70d0181a0,500,"CALL_NON_FUNCTION native runtime.js:405",0x308356a19860,
code-creation,LazyCompile,0x23a70d0183a0,500,"CALL_NON_FUNCTION_AS_CONSTRUCTOR native runtime.js:414",0x308356a19900,
code-creation,Stub,0x23a70d0185a0,146,"BinaryOpStub_SUB_Alloc_Uninitialized"
code-creation,Stub,0x23a70d018640,217,"ArgumentsAccessStub_ReadElement"
code-creation,LazyCompile,0x23a70d018720,344,"CALL_FUNCTION_PROXY native runtime.js:423",0x308356a199a0,
code-creation,LazyCompile,0x23a70d018880,316,"CALL_FUNCTION_PROXY_AS_CONSTRUCTOR native runtime.js:431",0x308356a19a40,
code-creation,LazyCompile,0x23a70d0189c0,232,"TO_OBJECT native runtime.js:482",0x308356a19c20,
code-creation,LazyCompile,0x23a70d018ac0,232,"TO_NUMBER native runtime.js:488",0x308356a19cc0,
code-creation,LazyCompile,0x23a70d018bc0,232,"TO_STRING native runtime.js:494",0x308356a19d60,
code-creation,Stub,0x23a70d018cc0,260,"NumberToStringStub"
code-creation,LazyCompile,0x23a70d018de0,708,"STRING_ADD_LEFT native runtime.js:183",0x308356a18d20,
code-creation,LazyCompile,0x23a70d0190c0,720,"STRING_ADD_RIGHT native runtime.js:198",0x308356a18dc0,
code-creation,Stub,0x23a70d0193a0,173,"CompareICStub"
code-creation,Stub,0x23a70d019460,173,"CompareICStub"
code-creation,Stub,0x23a70d019520,173,"CompareICStub"
code-creation,Stub,0x23a70d0195e0,232,"FastCloneShallowArrayStub"
code-creation,LazyCompile,0x23a70d0196e0,1264,"APPLY_PREPARE native runtime.js:438",0x308356a19ae0,
code-creation,LazyCompile,0x23a70d019be0,284,"APPLY_OVERFLOW native runtime.js:476",0x308356a19b80,
code-creation,CallInitialize,0x23a70d019d00,243,"args_count: 0"
code-creation,CallInitialize,0x23a70d019e00,246,"args_count: 12"
code-creation,CallInitialize,0x23a70d019f00,255,"args_count: 38"
code-creation,CallInitialize,0x23a70d01a000,246,"args_count: 3"
code-creation,Script,0x23a70d01a100,2592,"native v8natives.js",0x308356a21228,
code-creation,CallPreMonomorphic,0x23a70d01ab20,243,"args_count: 0"
code-creation,CallInitialize,0x23a70d01ac20,246,"args_count: 10"
code-creation,LazyCompile,0x23a70d01ad20,672,"SetUpGlobal native v8natives.js:177",0x308356a1d5e0,
code-creation,CallPreMonomorphic,0x23a70d01afc0,246,"args_count: 10"
code-creation,CallPreMonomorphic,0x23a70d01b0c0,246,"args_count: 3"
code-creation,Stub,0x23a70d01b1c0,146,"BinaryOpStub_SAR_Alloc_Uninitialized"
code-creation,Stub,0x23a70d01b260,146,"BinaryOpStub_ADD_Alloc_Uninitialized"
code-creation,LazyCompile,0x23a70d01b300,676,"InstallFunctions native v8natives.js:48",0x308356a1d180,
code-creation,Stub,0x23a70d01b5c0,204,"CompareICStub"
code-creation,Stub,0x23a70d01b6a0,302,"BinaryOpStub_SAR_Alloc_SMI"
code-creation,Stub,0x23a70d01b7e0,204,"CompareICStub"
code-creation,Stub,0x23a70d01b8c0,204,"KeyedLoadElementStub"
code-creation,KeyedLoadIC,0x23a70d01b9a0,130,""
code-creation,KeyedLoadIC,0x23a70d01b9a0,130,"args_count: 0"
code-creation,Stub,0x23a70d01ba40,302,"BinaryOpStub_ADD_Alloc_SMI"
code-creation,CallInitialize,0x23a70d01bb80,246,"args_count: 1"
code-creation,LazyCompile,0x23a70d01bc80,380," native v8natives.js:205",0x308356a203e0,
code-creation,LazyCompile,0x23a70d01bc80,380," native v8natives.js:205",0x308356a203e0,
code-creation,CallPreMonomorphic,0x23a70d01be00,246,"args_count: 1"
code-creation,LazyCompile,0x23a70d01bf00,496,"ToBoolean native runtime.js:517",0x308356a19ea0,
code-creation,StoreIC,0x23a70d01c100,189,"constructor"
code-creation,StoreIC,0x23a70d01c100,189,"constructor"
code-creation,CallPreMonomorphic,0x23a70d01c1c0,246,"args_count: 12"
code-creation,CallPreMonomorphic,0x23a70d01c2c0,255,"args_count: 38"
code-creation,Stub,0x23a70d01c3c0,146,"BinaryOpStub_ADD_OverwriteLeft_Uninitialized"
code-creation,Stub,0x23a70d01c460,139,"ToNumberStub"
code-creation,LazyCompile,0x23a70d01c500,988,"SetUpLockedPrototype native v8natives.js:67",0x308356a1d220,
code-creation,Stub,0x23a70d01c8e0,165,"ToBooleanStub_SpecObject"
code-creation,Stub,0x23a70d01c9a0,302,"BinaryOpStub_ADD_OverwriteLeft_SMI"
code-creation,Stub,0x23a70d01cae0,242,"FastCloneShallowObjectStub"
code-creation,LazyCompile,0x23a70d01cbe0,440," native v8natives.js:1271",0x308356a21060,
code-creation,LazyCompile,0x23a70d01cbe0,440," native v8natives.js:1271",0x308356a21060,
code-creation,CallInitialize,0x23a70d01cda0,255,"args_count: 20"
code-creation,CallInitialize,0x23a70d01cea0,255,"args_count: 28"
code-creation,LazyCompile,0x23a70d01cfa0,1140,"SetUpObject native v8natives.js:1286",0x308356a1f3e0,
code-creation,CallPreMonomorphic,0x23a70d01d420,255,"args_count: 20"
code-creation,CallPreMonomorphic,0x23a70d01d520,255,"args_count: 28"
code-creation,CallInitialize,0x23a70d01d620,246,"args_count: 4"
code-creation,LazyCompile,0x23a70d01d720,364,"SetUpBoolean native v8natives.js:1351",0x308356a1f5c0,
code-creation,CallPreMonomorphic,0x23a70d01d8a0,246,"args_count: 4"
code-creation,LazyCompile,0x23a70d01d9a0,424," native v8natives.js:1366",0x308356a21100,
code-creation,LazyCompile,0x23a70d01d9a0,424," native v8natives.js:1366",0x308356a21100,
code-creation,Stub,0x23a70d01db60,187,"CompareICStub"
code-creation,LazyCompile,0x23a70d01dc20,540,"ToNumber native runtime.js:527",0x308356a19f40,
code-creation,LazyCompile,0x23a70d01de40,1256,"SetUpNumber native v8natives.js:1489",0x308356a1fb60,
code-creation,CallInitialize,0x23a70d01e340,246,"args_count: 2"
code-creation,LazyCompile,0x23a70d01e440,1148,"NewFunction native v8natives.js:1640",0x308356a1fde0,
code-creation,LazyCompile,0x23a70d01e440,1148,"NewFunction native v8natives.js:1640",0x308356a1fde0,
code-creation,LazyCompile,0x23a70d01e8c0,364,"SetUpFunction native v8natives.js:1668",0x308356a1fe80,
code-creation,Script,0x23a70d01ea40,352,"native array.js",0x308356a25158,
code-creation,Stub,0x23a70d01eba0,228,"FastNewContextStub"
code-creation,Stub,0x23a70d01eca0,402,"FastNewClosureStub"
code-creation,Stub,0x23a70d01ee40,317,"CallFunctionStub_Args2_Recording"
code-creation,Stub,0x23a70d01ef80,317,"CallFunctionStub_Args3_Recording"
code-creation,CallInitialize,0x23a70d01f0c0,255,"args_count: 42"
code-creation,CallInitialize,0x23a70d01f1c0,246,"args_count: 6"
code-creation,LazyCompile,0x23a70d01f2c0,2784,"SetUpArray native array.js:1494",0x308356a24df0,
code-creation,CallPreMonomorphic,0x23a70d01fda0,246,"args_count: 2"
code-creation,LazyCompile,0x23a70d01fea0,344,"SetUpArray.b native array.js:1507",0x308356a25f10,
code-creation,CallPreMonomorphic,0x23a70d020000,244,"args_count: 1"
code-creation,LazyCompile,0x23a70d020100,552,"hasOwnProperty native v8natives.js:249",0x308356a1d860,
code-creation,Stub,0x23a70d020340,151,"ToBooleanStub_Bool"
code-creation,CallMiss,0x23a70d0203e0,244,"args_count: 1"
code-creation,CallIC,0x23a70d0204e0,187,"hasOwnProperty"
code-creation,KeyedLoadIC,0x23a70d0205a0,160,"push"
code-creation,KeyedLoadIC,0x23a70d0205a0,160,"push"
code-creation,KeyedLoadIC,0x23a70d020640,160,"concat"
code-creation,KeyedLoadIC,0x23a70d020640,160,"concat"
code-creation,CallPreMonomorphic,0x23a70d0206e0,255,"args_count: 42"
code-creation,CallPreMonomorphic,0x23a70d0207e0,246,"args_count: 6"
code-creation,Stub,0x23a70d0208e0,232,"FastCloneShallowArrayStub"
code-creation,Script,0x23a70d0209e0,1012,"native string.js",0x308356a29210,
code-creation,LazyCompile,0x23a70d020de0,476," native string.js:36",0x308356a28ef8,
code-creation,LazyCompile,0x23a70d020de0,476," native string.js:36",0x308356a28ef8,
code-creation,CallInitialize,0x23a70d020fc0,255,"args_count: 70"
code-creation,LazyCompile,0x23a70d0210c0,1616,"SetUpString native string.js:940",0x308356a28b48,
code-creation,CallPreMonomorphic,0x23a70d021720,255,"args_count: 70"
code-creation,Script,0x23a70d021820,348,"native uri.js",0x308356a2b2f8,
code-creation,LazyCompile,0x23a70d021980,476,"SetUpUri native uri.js:410",0x308356a2b0a0,
code-creation,Script,0x23a70d021b60,660,"native math.js",0x308356a2c8b8,
code-creation,LazyCompile,0x23a70d021e00,196,"MathConstructor native math.js:37",0x308356a2ba40,
code-creation,CallInitialize,0x23a70d021ee0,255,"args_count: 36"
code-creation,LazyCompile,0x23a70d021fe0,1556,"SetUpMath native math.js:223",0x308356a2c620,
code-creation,CallPreMonomorphic,0x23a70d022600,255,"args_count: 36"
code-creation,CallInitialize,0x23a70d022700,246,"args_count: 7"
code-creation,CallInitialize,0x23a70d022800,246,"args_count: 14"
code-creation,CallInitialize,0x23a70d022900,246,"args_count: 5"
code-creation,CallInitialize,0x23a70d022a00,255,"args_count: 32"
code-creation,Script,0x23a70d022b00,2656,"native messages.js",0x308356a32bc8,
code-creation,LazyCompile,0x23a70d023560,276," native messages.js:131",0x308356a32aa0,
code-creation,LazyCompile,0x23a70d023560,276," native messages.js:131",0x308356a32aa0,
code-creation,CallPreMonomorphic,0x23a70d023680,246,"args_count: 7"
code-creation,CallPreMonomorphic,0x23a70d023780,246,"args_count: 14"
code-creation,CallPreMonomorphic,0x23a70d023880,246,"args_count: 5"
code-creation,CallPreMonomorphic,0x23a70d023980,255,"args_count: 32"
code-creation,Stub,0x23a70d023a80,317,"CallFunctionStub_Args1_Recording"
code-creation,LazyCompile,0x23a70d023bc0,612,"SetUpError native messages.js:1128",0x308356a32440,
code-creation,Stub,0x23a70d023e40,1753,"RecordWriteStub"
code-creation,LazyCompile,0x23a70d024520,936,"SetUpError.a native messages.js:1131",0x308356a34138,
code-creation,Stub,0x23a70d0248e0,1458,"StringAddStub"
code-creation,Stub,0x23a70d024ea0,204,"BinaryOpStub_ADD_Alloc_BothStrings"
code-creation,Stub,0x23a70d024f80,214,"CompareICStub"
code-creation,LazyCompile,0x23a70d025060,196,"d native messages.js:1147",0x308356a34710,
code-creation,LazyCompile,0x23a70d025140,652," native messages.js:1157",0x308356a347b0,
code-creation,LazyCompile,0x23a70d025140,652," native messages.js:1157",0x308356a347b0,
code-creation,LoadIC,0x23a70d0253e0,147,"global"
code-creation,LoadIC,0x23a70d0253e0,147,"global"
code-creation,LoadIC,0x23a70d025480,147,"builtins"
code-creation,LoadIC,0x23a70d025480,147,"builtins"
code-creation,Stub,0x23a70d025520,565,"CompareStub_EQ_STRICT"
code-creation,LazyCompile,0x23a70d025760,556,"captureStackTrace native messages.js:1113",0x308356a323a0,
code-creation,Stub,0x23a70d0259a0,138,"ToBooleanStub_Undefined"
code-creation,LazyCompile,0x23a70d025140,652," native messages.js:1157",0x308356a347b0,
code-creation,LoadIC,0x23a70d025a40,147,"$Error"
code-creation,LoadIC,0x23a70d025a40,147,"$Error"
code-creation,LoadIC,0x23a70d025ae0,147,"kAddMessageAccessorsMarker"
code-creation,LoadIC,0x23a70d025ae0,147,"kAddMessageAccessorsMarker"
code-creation,CallMiss,0x23a70d025b80,246,"args_count: 2"
code-creation,CallIC,0x23a70d025c80,190,"captureStackTrace"
code-creation,LoadIC,0x23a70d025d40,194,""
code-creation,LoadIC,0x23a70d025d40,194,""
code-creation,LazyCompile,0x23a70d025140,652," native messages.js:1157",0x308356a347b0,
code-creation,LazyCompile,0x23a70d025140,652," native messages.js:1157",0x308356a347b0,
code-creation,LazyCompile,0x23a70d025140,652," native messages.js:1157",0x308356a347b0,
code-creation,LazyCompile,0x23a70d025140,652," native messages.js:1157",0x308356a347b0,
code-creation,LazyCompile,0x23a70d025140,652," native messages.js:1157",0x308356a347b0,
code-creation,LazyCompile,0x23a70d025e20,248,"MakeRangeError native messages.js:318",0x308356a30a00,
code-creation,LazyCompile,0x23a70d025f20,372,"MakeGenericError native messages.js:114",0x308356a306e0,
code-creation,Stub,0x23a70d0260a0,242,"FastNewContextStub"
code-creation,LazyCompile,0x23a70d0261a0,408,"DefineOneShotAccessor native messages.js:767",0x308356a315e0,
code-creation,LoadIC,0x23a70d026340,194,""
code-creation,LoadIC,0x23a70d026340,194,""
code-creation,StoreIC,0x23a70d026420,185,"type"
code-creation,StoreIC,0x23a70d026420,185,"type"
code-creation,StoreIC,0x23a70d0264e0,185,"arguments"
code-creation,StoreIC,0x23a70d0264e0,185,"arguments"
code-creation,Script,0x23a70d0265a0,368,"native apinatives.js",0x308356a352e0,
code-creation,Stub,0x23a70d026720,258,"FastCloneShallowObjectStub"
code-creation,Script,0x23a70d026840,1052,"native date.js",0x308356a387a8,
code-creation,StoreIC,0x23a70d026c60,185,"time"
code-creation,StoreIC,0x23a70d026c60,185,"time"
code-creation,CallInitialize,0x23a70d026d20,241,"args_count: 0"
code-creation,Stub,0x23a70d026e20,173,"CompareICStub"
code-creation,LazyCompile,0x23a70d026ee0,1720," native date.js:145",0x308356a38690,
code-creation,LazyCompile,0x23a70d026ee0,1720," native date.js:145",0x308356a38690,
code-creation,CallInitialize,0x23a70d0275a0,255,"args_count: 92"
code-creation,LazyCompile,0x23a70d0276a0,2032,"SetUpDate native date.js:768",0x308356a38120,
code-creation,CallPreMonomorphic,0x23a70d027ea0,255,"args_count: 92"
code-creation,Script,0x23a70d027fa0,344,"native json.js",0x308356a3a510,
code-creation,LazyCompile,0x23a70d028100,348,"SetUpJSON native json.js:341",0x308356a3a358,
code-creation,Script,0x23a70d028260,564,"native regexp.js",0x308356a3b880,
code-creation,CallInitialize,0x23a70d0284a0,246,"args_count: 8"
code-creation,LazyCompile,0x23a70d0285a0,2308,"SetUpRegExp native regexp.js:400",0x308356a3b608,
code-creation,LazyCompile,0x23a70d028ec0,404,"RegExpConstructor native regexp.js:86",0x308356a3ad48,
code-creation,LazyCompile,0x23a70d028ec0,404,"RegExpConstructor native regexp.js:86",0x308356a3ad48,
code-creation,CallPreMonomorphic,0x23a70d029060,246,"args_count: 8"
code-creation,Stub,0x23a70d029160,1690,"StringAddStub"
code-creation,Stub,0x23a70d029800,1687,"StringAddStub"
code-creation,Stub,0x23a70d029ea0,203,"BinaryOpStub_ADD_Alloc_Strings"
code-creation,CallPreMonomorphic,0x23a70d029f80,244,"args_count: 2"
code-creation,LazyCompile,0x23a70d02a080,536,"ToPrimitive native runtime.js:506",0x308356a19e00,
code-creation,LazyCompile,0x23a70d02a2a0,496,"ToString native runtime.js:550",0x308356a1a080,
code-creation,LazyCompile,0x23a70d02a4a0,280,"RegExpMakeCaptureGetter native regexp.js:360",0x308356a3b568,
code-creation,LoadIC,0x23a70d02a5c0,147,"$RegExp"
code-creation,LoadIC,0x23a70d02a5c0,147,"$RegExp"
code-creation,CallMiss,0x23a70d02a660,246,"args_count: 1"
code-creation,CallIC,0x23a70d02a760,190,"RegExpMakeCaptureGetter"
snapshot-code-name,6860,"Stub:CompareICStub"
snapshot-pos,0x23a70d01b7e0,6860
snapshot-code-name,7119,"Stub:CEntryStub"
snapshot-pos,0x23a70d006300,7119
snapshot-code-name,8128,"Stub:StoreBufferOverflowStub"
snapshot-pos,0x23a70d006aa0,8128
snapshot-code-name,8372,"Stub:RecordWriteStub"
snapshot-pos,0x23a70d007ae0,8372
snapshot-code-name,9240,"Stub:CompareICStub"
snapshot-pos,0x23a70d019520,9240
snapshot-code-name,9487,"Stub:FastCloneShallowArrayStub"
snapshot-pos,0x23a70d0195e0,9487
snapshot-code-name,9813,"Stub:CompareICStub"
snapshot-pos,0x23a70d024f80,9813
snapshot-code-name,10096,"Stub:RecordWriteStub"
snapshot-pos,0x23a70d00aae0,10096
snapshot-code-name,12020,"Stub:ToBooleanStub_Undefined"
snapshot-pos,0x23a70d0259a0,12020
snapshot-code-name,12232,"Stub:ToNumberStub"
snapshot-pos,0x23a70d01c460,12232
snapshot-code-name,12430,"Stub:ToBooleanStub_None"
snapshot-pos,0x23a70d017a80,12430
snapshot-code-name,12615,"Stub:RecordWriteStub"
snapshot-pos,0x23a70d0084e0,12615
snapshot-code-name,14539,"Stub:NumberToStringStub"
snapshot-pos,0x23a70d018cc0,14539
snapshot-code-name,14883,"Stub:StringDictionaryLookupStub"
snapshot-pos,0x23a70d00e3c0,14883
snapshot-code-name,15959,"Stub:CompareICStub"
snapshot-pos,0x23a70d01b5c0,15959
snapshot-code-name,16241,"Stub:BinaryOpStub_ADD_Alloc_Uninitialized"
snapshot-pos,0x23a70d01b260,16241
snapshot-code-name,16454,"Stub:StringAddStub"
snapshot-pos,0x23a70d029160,16454
snapshot-code-name,18279,"Stub:RecordWriteStub"
snapshot-pos,0x23a70d0099e0,18279
snapshot-code-name,20200,"Stub:BinaryOpStub_SAR_Alloc_SMI"
snapshot-pos,0x23a70d01b6a0,20200
snapshot-code-name,20576,"Stub:FastNewContextStub"
snapshot-pos,0x23a70d0260a0,20576
snapshot-code-name,20902,"Stub:CompareICStub"
snapshot-pos,0x23a70d0193a0,20902
snapshot-code-name,21149,"Stub:StoreBufferOverflowStub"
snapshot-pos,0x23a70d006b60,21149
snapshot-code-name,21621,"Stub:RecordWriteStub"
snapshot-pos,0x23a70d0092e0,21621
snapshot-code-name,23579,"Stub:StringAddStub"
snapshot-pos,0x23a70d0248e0,23579
snapshot-code-name,25180,"Stub:CompareICStub"
snapshot-pos,0x23a70d019460,25180
snapshot-code-name,25431,"Stub:RecordWriteStub"
snapshot-pos,0x23a70d008bc0,25431
snapshot-code-name,27416,"Stub:CallFunctionStub_Args3_Recording"
snapshot-pos,0x23a70d01ef80,27416
snapshot-code-name,27768,"Builtin:ArgumentsAdaptorTrampoline"
snapshot-pos,0x23a70d00cee0,27768
snapshot-code-name,28105,"Stub:FastNewContextStub"
snapshot-pos,0x23a70d01eba0,28105
snapshot-code-name,28427,"Stub:CompareICStub"
snapshot-pos,0x23a70d0178a0,28427
snapshot-code-name,28702,"Stub:InterruptStub"
snapshot-pos,0x23a70d014460,28702
snapshot-code-name,28882,"Stub:ArgumentsAccessStub_NewNonStrictFast"
snapshot-pos,0x23a70d017fa0,28882
snapshot-code-name,29467,"Stub:StringDictionaryLookupStub"
snapshot-pos,0x23a70d00eec0,29467
snapshot-code-name,30546,"Stub:StackCheckStub"
snapshot-pos,0x23a70d013640,30546
snapshot-code-name,30725,"Stub:FastCloneShallowArrayStub"
snapshot-pos,0x23a70d017560,30725
snapshot-code-name,31083,"Stub:CompareICStub"
snapshot-pos,0x23a70d015480,31083
snapshot-code-name,31330,"Stub:CallFunctionStub_Args2_Recording"
snapshot-pos,0x23a70d01ee40,31330
snapshot-code-name,31713,"Stub:FastCloneShallowObjectStub"
snapshot-pos,0x23a70d026720,31713
snapshot-code-name,32068,"Stub:ToBooleanStub_SpecObject"
snapshot-pos,0x23a70d01c8e0,32068
snapshot-code-name,32315,"Stub:BinaryOpStub_ADD_Alloc_SMI"
snapshot-pos,0x23a70d01ba40,32315
snapshot-code-name,32690,"Stub:CallConstructStub_Recording"
snapshot-pos,0x23a70d014360,32690
snapshot-code-name,33005,"Stub:CEntryStub"
snapshot-pos,0x23a70d006620,33005
snapshot-code-name,34374,"Stub:RecordWriteStub"
snapshot-pos,0x23a70d00b1c0,34374
snapshot-code-name,36327,"Stub:ToBooleanStub_Bool"
snapshot-pos,0x23a70d020340,36327
snapshot-code-name,36542,"Stub:CompareICStub"
snapshot-pos,0x23a70d01db60,36542
snapshot-code-name,36789,"Stub:FastCloneShallowArrayStub"
snapshot-pos,0x23a70d0208e0,36789
snapshot-code-name,37112,"Stub:CompareStub_EQ_STRICT"
snapshot-pos,0x23a70d025520,37112
snapshot-code-name,37740,"Stub:RecordWriteStub"
snapshot-pos,0x23a70d007400,37740
snapshot-code-name,39662,"Stub:RecordWriteStub"
snapshot-pos,0x23a70d007e00,39662
snapshot-code-name,41587,"Stub:CallFunctionStub_Args1_Recording"
snapshot-pos,0x23a70d023a80,41587
snapshot-code-name,41971,"Stub:RecordWriteStub"
snapshot-pos,0x23a70d00a7c0,41971
snapshot-code-name,42842,"Stub:CompareICStub"
snapshot-pos,0x23a70d026e20,42842
snapshot-code-name,43089,"Stub:FastCloneShallowArrayStub"
snapshot-pos,0x23a70d017960,43089
snapshot-code-name,43444,"Stub:FastCloneShallowObjectStub"
snapshot-pos,0x23a70d01cae0,43444
snapshot-code-name,43758,"Stub:BinaryOpStub_ADD_Alloc_Strings"
snapshot-pos,0x23a70d029ea0,43758
snapshot-code-name,44013,"Stub:StringAddStub"
snapshot-pos,0x23a70d029800,44013
snapshot-code-name,45869,"Stub:RecordWriteStub"
snapshot-pos,0x23a70d006d00,45869
snapshot-code-name,47826,"Stub:StringCompareStub"
snapshot-pos,0x23a70d015360,47826
snapshot-code-name,48170,"Stub:RecordWriteStub"
snapshot-pos,0x23a70d00a0c0,48170
snapshot-code-name,50128,"Stub:RecordWriteStub"
snapshot-pos,0x23a70d00bfe0,50128
snapshot-code-name,52085,"Stub:StringAddStub"
snapshot-pos,0x23a70d015960,52085
snapshot-code-name,53714,"Stub:BinaryOpStub_SAR_Alloc_Uninitialized"
snapshot-pos,0x23a70d01b1c0,53714
snapshot-code-name,53929,"Stub:BinaryOpStub_ADD_OverwriteLeft_Uninitialized"
snapshot-pos,0x23a70d01c3c0,53929
snapshot-code-name,54145,"Stub:BinaryOpStub_SUB_Alloc_Uninitialized"
snapshot-pos,0x23a70d0185a0,54145
snapshot-code-name,54360,"Stub:FastNewClosureStub"
snapshot-pos,0x23a70d01eca0,54360
snapshot-code-name,54851,"Stub:StringDictionaryLookupStub"
snapshot-pos,0x23a70d00fce0,54851
snapshot-code-name,55927,"Stub:RecordWriteStub"
snapshot-pos,0x23a70d023e40,55927
snapshot-code-name,57853,"Stub:RecordWriteStub"
snapshot-pos,0x23a70d00b8c0,57853
snapshot-code-name,59841,"Stub:JSEntryStub"
snapshot-pos,0x23a70d006000,59841
snapshot-code-name,60372,"Stub:JSConstructEntryStub"
snapshot-pos,0x23a70d006180,60372
snapshot-code-name,60904,"Stub:RecordWriteStub"
snapshot-pos,0x23a70d012780,60904
snapshot-code-name,61744,"Stub:KeyedLoadElementStub"
snapshot-pos,0x23a70d01b8c0,61744
snapshot-code-name,61996,"Builtin:KeyedLoadIC_MissForceGeneric"
snapshot-pos,0x23a70d00dfc0,61996
snapshot-code-name,62177,"Stub:BinaryOpStub_ADD_OverwriteLeft_SMI"
snapshot-pos,0x23a70d01c9a0,62177
snapshot-code-name,62552,"Stub:CallConstructStub"
snapshot-pos,0x23a70d00d8a0,62552
snapshot-code-name,62823,"Stub:ArgumentsAccessStub_ReadElement"
snapshot-pos,0x23a70d018640,62823
snapshot-code-name,63102,"Stub:BinaryOpStub_ADD_Alloc_BothStrings"
snapshot-pos,0x23a70d024ea0,63102
snapshot-code-name,63422,"CallMiss:2"
snapshot-pos,0x23a70d025b80,63422
snapshot-code-name,63738,"CallInitialize:10"
snapshot-pos,0x23a70d01ac20,63738
snapshot-code-name,64058,"CallPreMonomorphic:20"
snapshot-pos,0x23a70d01d420,64058
snapshot-code-name,64374,"CallPreMonomorphic:28"
snapshot-pos,0x23a70d01d520,64374
snapshot-code-name,64690,"CallPreMonomorphic:38"
snapshot-pos,0x23a70d01c2c0,64690
snapshot-code-name,65010,"CallInitialize:5"
snapshot-pos,0x23a70d022900,65010
snapshot-code-name,65329,"CallInitialize:3"
snapshot-pos,0x23a70d01a000,65329
snapshot-code-name,65648,"CallPreMonomorphic:7"
snapshot-pos,0x23a70d023680,65648
snapshot-code-name,65964,"CallInitialize:14"
snapshot-pos,0x23a70d022800,65964
snapshot-code-name,66283,"CallPreMonomorphic:1"
snapshot-pos,0x23a70d01be00,66283
snapshot-code-name,66599,"CallPreMonomorphic:4"
snapshot-pos,0x23a70d01d8a0,66599
snapshot-code-name,66918,"CallPreMonomorphic:5"
snapshot-pos,0x23a70d023880,66918
snapshot-code-name,67234,"CallPreMonomorphic:32"
snapshot-pos,0x23a70d023980,67234
snapshot-code-name,67553,"CallInitialize:1"
snapshot-pos,0x23a70d014840,67553
snapshot-code-name,67872,"CallPreMonomorphic:10"
snapshot-pos,0x23a70d01afc0,67872
snapshot-code-name,68188,"CallPreMonomorphic:0"
snapshot-pos,0x23a70d01ab20,68188
snapshot-code-name,68504,"CallInitialize:92"
snapshot-pos,0x23a70d0275a0,68504
snapshot-code-name,68820,"CallInitialize:2"
snapshot-pos,0x23a70d01e340,68820
snapshot-code-name,69136,"CallPreMonomorphic:12"
snapshot-pos,0x23a70d01c1c0,69136
snapshot-code-name,69452,"CallInitialize:28"
snapshot-pos,0x23a70d01cea0,69452
snapshot-code-name,69771,"CallPreMonomorphic:8"
snapshot-pos,0x23a70d029060,69771
snapshot-code-name,70087,"CallPreMonomorphic:2"
snapshot-pos,0x23a70d01fda0,70087
snapshot-code-name,70403,"CallInitialize:1"
snapshot-pos,0x23a70d01bb80,70403
snapshot-code-name,70722,"CallInitialize:7"
snapshot-pos,0x23a70d022700,70722
snapshot-code-name,71038,"CallPreMonomorphic:14"
snapshot-pos,0x23a70d023780,71038
snapshot-code-name,71358,"CallInitialize:70"
snapshot-pos,0x23a70d020fc0,71358
snapshot-code-name,71674,"CallInitialize:4"
snapshot-pos,0x23a70d01d620,71674
snapshot-code-name,71993,"CallInitialize:20"
snapshot-pos,0x23a70d01cda0,71993
snapshot-code-name,72312,"CallInitialize:42"
snapshot-pos,0x23a70d01f0c0,72312
snapshot-code-name,72631,"CallPreMonomorphic:3"
snapshot-pos,0x23a70d01b0c0,72631
snapshot-code-name,72947,"CallInitialize:32"
snapshot-pos,0x23a70d022a00,72947
snapshot-code-name,73266,"CallPreMonomorphic:42"
snapshot-pos,0x23a70d0206e0,73266
snapshot-code-name,73582,"CallInitialize:38"
snapshot-pos,0x23a70d019f00,73582
snapshot-code-name,73898,"CallInitialize:0"
snapshot-pos,0x23a70d026d20,73898
snapshot-code-name,74217,"CallPreMonomorphic:6"
snapshot-pos,0x23a70d0207e0,74217
snapshot-code-name,74536,"CallPreMonomorphic:92"
snapshot-pos,0x23a70d027ea0,74536
snapshot-code-name,74852,"CallMiss:1"
snapshot-pos,0x23a70d02a660,74852
snapshot-code-name,75171,"CallPreMonomorphic:70"
snapshot-pos,0x23a70d021720,75171
snapshot-code-name,75491,"CallMiss:1"
snapshot-pos,0x23a70d0203e0,75491
snapshot-code-name,75807,"CallInitialize:2"
snapshot-pos,0x23a70d014940,75807
snapshot-code-name,76126,"CallInitialize:8"
snapshot-pos,0x23a70d0284a0,76126
snapshot-code-name,76442,"CallPreMonomorphic:2"
snapshot-pos,0x23a70d029f80,76442
snapshot-code-name,76762,"CallPreMonomorphic:36"
snapshot-pos,0x23a70d022600,76762
snapshot-code-name,77081,"CallInitialize:36"
snapshot-pos,0x23a70d021ee0,77081
snapshot-code-name,77397,"CallPreMonomorphic:1"
snapshot-pos,0x23a70d020000,77397
snapshot-code-name,77713,"CallInitialize:12"
snapshot-pos,0x23a70d019e00,77713
snapshot-code-name,78033,"CallInitialize:0"
snapshot-pos,0x23a70d019d00,78033
snapshot-code-name,78352,"CallInitialize:6"
snapshot-pos,0x23a70d01f1c0,78352
snapshot-code-name,104847,"Builtin:Return_DebugBreak"
snapshot-pos,0x23a70d013a80,104847
snapshot-code-name,105080,"Builtin:Slot_DebugBreak"
snapshot-pos,0x23a70d014180,105080
snapshot-code-name,105396,"Builtin:EmptyFunction"
snapshot-pos,0x23a70d00c760,105396
snapshot-code-name,105569,"Builtin:JSConstructStubGeneric"
snapshot-pos,0x23a70d00d320,105569
snapshot-code-name,106464,"Script:native json.js"
snapshot-pos,0x23a70d027fa0,106464
snapshot-code-name,106978,"Builtin:LazyCompile"
snapshot-pos,0x23a70d00da40,106978
snapshot-code-name,111304,"LazyCompile:SetUpJSON native json.js:341"
snapshot-pos,0x23a70d028100,111304
snapshot-code-name,111777,"Builtin:LoadIC_Initialize"
snapshot-pos,0x23a70d00e2c0,111777
snapshot-code-name,112448,"Script:native regexp.js"
snapshot-pos,0x23a70d028260,112448
snapshot-code-name,117425,"LazyCompile:RegExpConstructor native regexp.js:86"
snapshot-pos,0x23a70d028ec0,117425
snapshot-code-name,119847,"LazyCompile:RegExpMakeCaptureGetter native regexp.js:360"
snapshot-pos,0x23a70d02a4a0,119847
snapshot-code-name,120599,"LazyCompile:SetUpRegExp native regexp.js:400"
snapshot-pos,0x23a70d0285a0,120599
snapshot-code-name,125930,"Script:native messages.js"
snapshot-pos,0x23a70d022b00,125930
snapshot-code-name,140323,"LazyCompile:MakeGenericError native messages.js:114"
snapshot-pos,0x23a70d025f20,140323
snapshot-code-name,140910,"Builtin:StoreIC_Initialize"
snapshot-pos,0x23a70d00fb80,140910
snapshot-code-name,141774,"LazyCompile:MakeRangeError native messages.js:318"
snapshot-pos,0x23a70d025e20,141774
snapshot-code-name,145112,"LazyCompile:DefineOneShotAccessor native messages.js:767"
snapshot-pos,0x23a70d0261a0,145112
snapshot-code-name,149039,"LazyCompile:captureStackTrace native messages.js:1113"
snapshot-pos,0x23a70d025760,149039
snapshot-code-name,150223,"LazyCompile:SetUpError native messages.js:1128"
snapshot-pos,0x23a70d023bc0,150223
snapshot-code-name,151112,"LazyCompile:SetUpError.a native messages.js:1131"
snapshot-pos,0x23a70d024520,151112
snapshot-code-name,152455,"LazyCompile:d native messages.js:1147"
snapshot-pos,0x23a70d025060,152455
snapshot-code-name,153060,"LazyCompile: native messages.js:1157"
snapshot-pos,0x23a70d025140,153060
snapshot-code-name,156235,"LazyCompile: native messages.js:131"
snapshot-pos,0x23a70d023560,156235
snapshot-code-name,158905,"Script:native uri.js"
snapshot-pos,0x23a70d021820,158905
snapshot-code-name,165414,"LazyCompile:SetUpUri native uri.js:410"
snapshot-pos,0x23a70d021980,165414
snapshot-code-name,166527,"Script:native apinatives.js"
snapshot-pos,0x23a70d0265a0,166527
snapshot-code-name,168021,"Script:native string.js"
snapshot-pos,0x23a70d0209e0,168021
snapshot-code-name,183880,"LazyCompile:SetUpString native string.js:940"
snapshot-pos,0x23a70d0210c0,183880
snapshot-code-name,186648,"LazyCompile: native string.js:36"
snapshot-pos,0x23a70d020de0,186648
snapshot-code-name,188363,"Script:native date.js"
snapshot-pos,0x23a70d026840,188363
snapshot-code-name,206649,"LazyCompile:SetUpDate native date.js:768"
snapshot-pos,0x23a70d0276a0,206649
snapshot-code-name,210298,"LazyCompile: native date.js:145"
snapshot-pos,0x23a70d026ee0,210298
snapshot-code-name,214632,"Script:native runtime.js"
snapshot-pos,0x23a70d0144e0,214632
snapshot-code-name,215882,"LazyCompile:EQUALS native runtime.js:54"
snapshot-pos,0x23a70d014a40,215882
snapshot-code-name,223954,"LazyCompile:STRICT_EQUALS native runtime.js:100"
snapshot-pos,0x23a70d0151a0,223954
snapshot-code-name,224705,"LazyCompile:COMPARE native runtime.js:120"
snapshot-pos,0x23a70d015540,224705
snapshot-code-name,226291,"LazyCompile:ADD native runtime.js:163"
snapshot-pos,0x23a70d015f40,226291
snapshot-code-name,227427,"LazyCompile:STRING_ADD_LEFT native runtime.js:183"
snapshot-pos,0x23a70d018de0,227427
snapshot-code-name,228521,"LazyCompile:STRING_ADD_RIGHT native runtime.js:198"
snapshot-pos,0x23a70d0190c0,228521
snapshot-code-name,229608,"LazyCompile:SUB native runtime.js:214"
snapshot-pos,0x23a70d016200,229608
snapshot-code-name,230335,"LazyCompile:MUL native runtime.js:222"
snapshot-pos,0x23a70d016380,230335
snapshot-code-name,231019,"LazyCompile:DIV native runtime.js:230"
snapshot-pos,0x23a70d016500,231019
snapshot-code-name,231703,"LazyCompile:MOD native runtime.js:238"
snapshot-pos,0x23a70d016680,231703
snapshot-code-name,232387,"LazyCompile:BIT_OR native runtime.js:252"
snapshot-pos,0x23a70d016800,232387
snapshot-code-name,233071,"LazyCompile:BIT_AND native runtime.js:260"
snapshot-pos,0x23a70d016980,233071
snapshot-code-name,233889,"LazyCompile:BIT_XOR native runtime.js:282"
snapshot-pos,0x23a70d016b60,233889
snapshot-code-name,234583,"LazyCompile:UNARY_MINUS native runtime.js:290"
snapshot-pos,0x23a70d016ce0,234583
snapshot-code-name,235178,"LazyCompile:BIT_NOT native runtime.js:297"
snapshot-pos,0x23a70d016e20,235178
snapshot-code-name,235773,"LazyCompile:SHL native runtime.js:304"
snapshot-pos,0x23a70d016f60,235773
snapshot-code-name,236459,"LazyCompile:SAR native runtime.js:312"
snapshot-pos,0x23a70d0170e0,236459
snapshot-code-name,237277,"LazyCompile:SHR native runtime.js:334"
snapshot-pos,0x23a70d0172c0,237277
snapshot-code-name,237963,"LazyCompile:DELETE native runtime.js:348"
snapshot-pos,0x23a70d017440,237963
snapshot-code-name,238571,"LazyCompile:IN native runtime.js:354"
snapshot-pos,0x23a70d017680,238571
snapshot-code-name,239565,"LazyCompile:INSTANCE_OF native runtime.js:367"
snapshot-pos,0x23a70d017b00,239565
snapshot-code-name,240785,"Builtin:KeyedLoadIC_Initialize"
snapshot-pos,0x23a70d00edc0,240785
snapshot-code-name,241270,"LazyCompile:FILTER_KEY native runtime.js:398"
snapshot-pos,0x23a70d017e60,241270
snapshot-code-name,241897,"LazyCompile:CALL_NON_FUNCTION native runtime.js:405"
snapshot-pos,0x23a70d0181a0,241897
snapshot-code-name,242871,"LazyCompile:CALL_NON_FUNCTION_AS_CONSTRUCTOR native runtime.js:414"
snapshot-pos,0x23a70d0183a0,242871
snapshot-code-name,243793,"LazyCompile:CALL_FUNCTION_PROXY native runtime.js:423"
snapshot-pos,0x23a70d018720,243793
snapshot-code-name,244489,"LazyCompile:CALL_FUNCTION_PROXY_AS_CONSTRUCTOR native runtime.js:431"
snapshot-pos,0x23a70d018880,244489
snapshot-code-name,245111,"LazyCompile:APPLY_PREPARE native runtime.js:438"
snapshot-pos,0x23a70d0196e0,245111
snapshot-code-name,247159,"LazyCompile:APPLY_OVERFLOW native runtime.js:476"
snapshot-pos,0x23a70d019be0,247159
snapshot-code-name,247760,"LazyCompile:TO_OBJECT native runtime.js:482"
snapshot-pos,0x23a70d0189c0,247760
snapshot-code-name,248279,"LazyCompile:TO_NUMBER native runtime.js:488"
snapshot-pos,0x23a70d018ac0,248279
snapshot-code-name,248798,"LazyCompile:TO_STRING native runtime.js:494"
snapshot-pos,0x23a70d018bc0,248798
snapshot-code-name,249286,"LazyCompile:ToPrimitive native runtime.js:506"
snapshot-pos,0x23a70d02a080,249286
snapshot-code-name,250260,"LazyCompile:ToBoolean native runtime.js:517"
snapshot-pos,0x23a70d01bf00,250260
snapshot-code-name,251081,"LazyCompile:ToNumber native runtime.js:527"
snapshot-pos,0x23a70d01dc20,251081
snapshot-code-name,252045,"LazyCompile:ToString native runtime.js:550"
snapshot-pos,0x23a70d02a2a0,252045
snapshot-code-name,254281,"Script:native math.js"
snapshot-pos,0x23a70d021b60,254281
snapshot-code-name,255256,"LazyCompile:MathConstructor native math.js:37"
snapshot-pos,0x23a70d021e00,255256
snapshot-code-name,260973,"LazyCompile:SetUpMath native math.js:223"
snapshot-pos,0x23a70d021fe0,260973
snapshot-code-name,264197,"Script:native v8natives.js"
snapshot-pos,0x23a70d01a100,264197
snapshot-code-name,267424,"LazyCompile:InstallFunctions native v8natives.js:48"
snapshot-pos,0x23a70d01b300,267424
snapshot-code-name,282163,"LazyCompile:SetUpLockedPrototype native v8natives.js:67"
snapshot-pos,0x23a70d01c500,282163
snapshot-code-name,284517,"LazyCompile:SetUpGlobal native v8natives.js:177"
snapshot-pos,0x23a70d01ad20,284517
snapshot-code-name,286155,"LazyCompile:hasOwnProperty native v8natives.js:249"
snapshot-pos,0x23a70d020100,286155
snapshot-code-name,293449,"LazyCompile:SetUpObject native v8natives.js:1286"
snapshot-pos,0x23a70d01cfa0,293449
snapshot-code-name,295753,"LazyCompile:SetUpBoolean native v8natives.js:1351"
snapshot-pos,0x23a70d01d720,295753
snapshot-code-name,297489,"LazyCompile:SetUpNumber native v8natives.js:1489"
snapshot-pos,0x23a70d01de40,297489
snapshot-code-name,300312,"LazyCompile:NewFunction native v8natives.js:1640"
snapshot-pos,0x23a70d01e440,300312
snapshot-code-name,301804,"Builtin:KeyedStoreIC_Initialize"
snapshot-pos,0x23a70d010a00,301804
snapshot-code-name,302603,"LazyCompile:SetUpFunction native v8natives.js:1668"
snapshot-pos,0x23a70d01e8c0,302603
snapshot-code-name,303394,"LazyCompile: native v8natives.js:205"
snapshot-pos,0x23a70d01bc80,303394
snapshot-code-name,307741,"LazyCompile: native v8natives.js:1271"
snapshot-pos,0x23a70d01cbe0,307741
snapshot-code-name,308530,"LazyCompile: native v8natives.js:1366"
snapshot-pos,0x23a70d01d9a0,308530
snapshot-code-name,309560,"Script:native array.js"
snapshot-pos,0x23a70d01ea40,309560
snapshot-code-name,327178,"LazyCompile:SetUpArray native array.js:1494"
snapshot-pos,0x23a70d01f2c0,327178
snapshot-code-name,331040,"LazyCompile:SetUpArray.b native array.js:1507"
snapshot-pos,0x23a70d01fea0,331040
snapshot-code-name,332963,"Builtin:Illegal"
snapshot-pos,0x23a70d00c6e0,332963
snapshot-code-name,333128,"Builtin:InternalArrayCodeGeneric"
snapshot-pos,0x23a70d00c7e0,333128
snapshot-code-name,333290,"Builtin:ArrayCodeGeneric"
snapshot-pos,0x23a70d00c860,333290
snapshot-code-name,333452,"Builtin:ArrayPush"
snapshot-pos,0x23a70d00c8e0,333452
snapshot-code-name,333614,"Builtin:ArrayPop"
snapshot-pos,0x23a70d00c960,333614
snapshot-code-name,333776,"Builtin:ArrayShift"
snapshot-pos,0x23a70d00c9e0,333776
snapshot-code-name,333938,"Builtin:ArrayUnshift"
snapshot-pos,0x23a70d00ca60,333938
snapshot-code-name,334100,"Builtin:ArraySlice"
snapshot-pos,0x23a70d00cae0,334100
snapshot-code-name,334262,"Builtin:ArraySplice"
snapshot-pos,0x23a70d00cb60,334262
snapshot-code-name,334424,"Builtin:ArrayConcat"
snapshot-pos,0x23a70d00cbe0,334424
snapshot-code-name,334586,"Builtin:HandleApiCall"
snapshot-pos,0x23a70d00cc60,334586
snapshot-code-name,334748,"Builtin:HandleApiCallConstruct"
snapshot-pos,0x23a70d00cce0,334748
snapshot-code-name,334910,"Builtin:HandleApiCallAsFunction"
snapshot-pos,0x23a70d00cd60,334910
snapshot-code-name,335072,"Builtin:HandleApiCallAsConstructor"
snapshot-pos,0x23a70d00cde0,335072
snapshot-code-name,335234,"Builtin:StrictModePoisonPill"
snapshot-pos,0x23a70d00ce60,335234
snapshot-code-name,335399,"Builtin:InRecompileQueue"
snapshot-pos,0x23a70d00d000,335399
snapshot-code-name,335546,"Builtin:JSConstructStubCountdown"
snapshot-pos,0x23a70d00d080,335546
snapshot-code-name,336322,"Builtin:JSConstructStubApi"
snapshot-pos,0x23a70d00d580,336322
snapshot-code-name,336988,"Builtin:JSEntryTrampoline"
snapshot-pos,0x23a70d00d7c0,336988
snapshot-code-name,337245,"Builtin:JSConstructEntryTrampoline"
snapshot-pos,0x23a70d00d980,337245
snapshot-code-name,337473,"Builtin:LazyRecompile"
snapshot-pos,0x23a70d00dae0,337473
snapshot-code-name,337671,"Builtin:ParallelRecompile"
snapshot-pos,0x23a70d00db80,337671
snapshot-code-name,337901,"Builtin:NotifyDeoptimized"
snapshot-pos,0x23a70d00dc40,337901
snapshot-code-name,338172,"Builtin:NotifyLazyDeoptimized"
snapshot-pos,0x23a70d00dd20,338172
snapshot-code-name,338443,"Builtin:NotifyOSR"
snapshot-pos,0x23a70d00de00,338443
snapshot-code-name,338673,"Builtin:LoadIC_Miss"
snapshot-pos,0x23a70d00dec0,338673
snapshot-code-name,338835,"Builtin:KeyedLoadIC_Miss"
snapshot-pos,0x23a70d00df40,338835
snapshot-code-name,339000,"Builtin:KeyedLoadIC_Slow"
snapshot-pos,0x23a70d00e040,339000
snapshot-code-name,339162,"Builtin:StoreIC_Miss"
snapshot-pos,0x23a70d00e0c0,339162
snapshot-code-name,339325,"Builtin:KeyedStoreIC_Miss"
snapshot-pos,0x23a70d00e140,339325
snapshot-code-name,339488,"Builtin:KeyedStoreIC_MissForceGeneric"
snapshot-pos,0x23a70d00e1c0,339488
snapshot-code-name,339651,"Builtin:KeyedStoreIC_Slow"
snapshot-pos,0x23a70d00e240,339651
snapshot-code-name,339817,"Builtin:LoadIC_PreMonomorphic"
snapshot-pos,0x23a70d00e340,339817
snapshot-code-name,339979,"Builtin:LoadIC_Normal"
snapshot-pos,0x23a70d00e7a0,339979
snapshot-code-name,340402,"Builtin:LoadIC_ArrayLength"
snapshot-pos,0x23a70d00e920,340402
snapshot-code-name,340558,"Builtin:LoadIC_StringLength"
snapshot-pos,0x23a70d00e9a0,340558
snapshot-code-name,340748,"Builtin:LoadIC_StringWrapperLength"
snapshot-pos,0x23a70d00ea40,340748
snapshot-code-name,340970,"Builtin:LoadIC_FunctionPrototype"
snapshot-pos,0x23a70d00eb00,340970
snapshot-code-name,341192,"Builtin:LoadIC_Megamorphic"
snapshot-pos,0x23a70d00ebc0,341192
snapshot-code-name,341603,"Builtin:LoadIC_Getter_ForDeopt"
snapshot-pos,0x23a70d00ed20,341603
snapshot-code-name,341795,"Builtin:KeyedLoadIC_PreMonomorphic"
snapshot-pos,0x23a70d00ee40,341795
snapshot-code-name,341958,"Builtin:KeyedLoadIC_Generic"
snapshot-pos,0x23a70d00f2a0,341958
snapshot-code-name,343061,"Builtin:KeyedLoadIC_String"
snapshot-pos,0x23a70d00f6a0,343061
snapshot-code-name,343933,"Builtin:KeyedLoadIC_IndexedInterceptor"
snapshot-pos,0x23a70d00f980,343933
snapshot-code-name,344169,"Builtin:KeyedLoadIC_NonStrictArguments"
snapshot-pos,0x23a70d00fa40,344169
snapshot-code-name,344543,"Builtin:StoreIC_ArrayLength"
snapshot-pos,0x23a70d00fc00,344543
snapshot-code-name,344811,"Builtin:StoreIC_Normal"
snapshot-pos,0x23a70d0100c0,344811
snapshot-code-name,345311,"Builtin:StoreIC_Megamorphic"
snapshot-pos,0x23a70d010280,345311
snapshot-code-name,345728,"Builtin:StoreIC_GlobalProxy"
snapshot-pos,0x23a70d0103e0,345728
snapshot-code-name,345892,"Builtin:StoreIC_Initialize_Strict"
snapshot-pos,0x23a70d010460,345892
snapshot-code-name,346056,"Builtin:StoreIC_ArrayLength_Strict"
snapshot-pos,0x23a70d0104e0,346056
snapshot-code-name,346326,"Builtin:StoreIC_Normal_Strict"
snapshot-pos,0x23a70d0105c0,346326
snapshot-code-name,346827,"Builtin:StoreIC_Megamorphic_Strict"
snapshot-pos,0x23a70d010780,346827
snapshot-code-name,347244,"Builtin:StoreIC_GlobalProxy_Strict"
snapshot-pos,0x23a70d0108e0,347244
snapshot-code-name,347408,"Builtin:StoreIC_Setter_ForDeopt"
snapshot-pos,0x23a70d010960,347408
snapshot-code-name,347601,"Builtin:KeyedStoreIC_Generic"
snapshot-pos,0x23a70d010a80,347601
snapshot-code-name,350295,"Builtin:KeyedStoreIC_Initialize_Strict"
snapshot-pos,0x23a70d011400,350295
snapshot-code-name,350460,"Builtin:KeyedStoreIC_Generic_Strict"
snapshot-pos,0x23a70d011480,350460
snapshot-code-name,353154,"Builtin:KeyedStoreIC_NonStrictArguments"
snapshot-pos,0x23a70d011e00,353154
snapshot-code-name,353633,"Builtin:TransitionElementsSmiToDouble"
snapshot-pos,0x23a70d011fa0,353633
snapshot-code-name,354192,"Builtin:TransitionElementsDoubleToObject"
snapshot-pos,0x23a70d012180,354192
snapshot-code-name,354786,"Builtin:FunctionCall"
snapshot-pos,0x23a70d012380,354786
snapshot-code-name,355353,"Builtin:FunctionApply"
snapshot-pos,0x23a70d012580,355353
snapshot-code-name,355910,"Builtin:InternalArrayCode"
snapshot-pos,0x23a70d012a80,355910
snapshot-code-name,356839,"Builtin:ArrayCode"
snapshot-pos,0x23a70d012dc0,356839
snapshot-code-name,357768,"Builtin:ArrayConstructCode"
snapshot-pos,0x23a70d013100,357768
snapshot-code-name,358697,"Builtin:StringConstructCode"
snapshot-pos,0x23a70d013440,358697
snapshot-code-name,359284,"Builtin:OnStackReplacement"
snapshot-pos,0x23a70d0136c0,359284
snapshot-code-name,360325,"Builtin:CallFunctionStub_DebugBreak"
snapshot-pos,0x23a70d013b40,360325
snapshot-code-name,360559,"Builtin:CallFunctionStub_Recording_DebugBreak"
snapshot-pos,0x23a70d013c00,360559
snapshot-code-name,360793,"Builtin:CallConstructStub_DebugBreak"
snapshot-pos,0x23a70d013cc0,360793
snapshot-code-name,361059,"Builtin:CallConstructStub_Recording_DebugBreak"
snapshot-pos,0x23a70d013da0,361059
snapshot-code-name,361325,"Builtin:LoadIC_DebugBreak"
snapshot-pos,0x23a70d013e80,361325
snapshot-code-name,361559,"Builtin:KeyedLoadIC_DebugBreak"
snapshot-pos,0x23a70d013f40,361559
snapshot-code-name,361793,"Builtin:StoreIC_DebugBreak"
snapshot-pos,0x23a70d014000,361793
snapshot-code-name,362027,"Builtin:KeyedStoreIC_DebugBreak"
snapshot-pos,0x23a70d0140c0,362027
snapshot-code-name,362264,"Builtin:PlainReturn_LiveEdit"
snapshot-pos,0x23a70d014240,362264
snapshot-code-name,362410,"Builtin:FrameDropper_LiveEdit"
snapshot-pos,0x23a70d0142c0,362410
